This is pdfTeX, Version 3.14159265-2.6-1.40.15 (TeX Live 2014) (preloaded format=pdflatex 2014.5.25)  30 NOV 2017 10:33
entering extended mode
 restricted \write18 enabled.
 %&-line parsing enabled.
**Highz_clustering_edited.tex
(./Highz_clustering_edited.tex
LaTeX2e <2014/05/01>
Babel <3.9k> and hyphenation patterns for 78 languages loaded.
(./emulateapj.cls
Document Class: emulateapj 
\bibbaselineskip=\skip41
(/usr/local/texlive/2014/texmf-dist/tex/latex/revtex/revtex4-1.cls
Document Class: revtex4-1 2010/07/25/20:33:00 4.1r (http://publish.aps.org/revt
ex4/ for documentation)
 Copyright (c) 2009 The American Physical Society.
 mailto:revtex@aps.org
 Licensed under the LPPL:
http://www.ctan.org/tex-archive/macros/latex/base/lppl.txt
 Arthur Ogawa <arthur_ogawa at sbcglobal dot net>
 Based on work by David Carlisle <david at dcarlisle.demon.co.uk>.
ltxutil[2010/07/25/20:33:00 4.1r utilities package (portions licensed from W. E
. Baxter web at superscript.com)]
LaTeX Info: Redefining \@centercr on input line 308.
Class revtex4-1 Info: Repairing broken LaTeX eqnarray on input line 358.
\eqncolsep=\skip42
Class revtex4-1 Info: Repairing hyperref-unfriendly LaTeX definition of \mpfoot
note on input line 433.
Class revtex4-1 Info: Repairing broken LateX \@sect on input line 755.
\intertabularlinepenalty=\count79
\@tbpen=\count80
\@arstrutbox@hline=\box26
Class revtex4-1 Info: Repairing broken LaTeX \@xbitor on input line 1786.
Class revtex4-1 Info: Making \typeout \long on input line 2046.
ltxfront[2010/07/25/20:33:00 4.1r frontmatter package (AO,DPC)]
\c@affil=\count81
\c@collab=\count82
\absbox=\box27
ltxgrid[2010/07/25/20:33:00 4.1r page grid package (portions licensed from W. E
. Baxter web at superscript.com)]
\c@linecount=\count83
\output@latex=\toks14
\box@size@1=\box28
\box@size@2=\box29
\@protection@box=\box30
\@topmark@saved=\toks15
\footins@saved=\box31
\footins@recovered=\box32
\column@recovered=\box33
\pagesofar=\box34
\footsofar=\box35
\pagegrid@col=\count84
Class revtex4-1 Info: Overriding \@vspace, \@vspacer, \@no@pgbk, \@newline, and
 \\  on input line 5578.
\c@part=\count85
\c@section=\count86
\c@subsection=\count87
\c@subsubsection=\count88
\c@paragraph=\count89
\c@subparagraph=\count90
\abovecaptionskip=\skip43
\belowcaptionskip=\skip44
\c@figure=\count91
\fbox@1=\box36
\c@table=\count92
\fbox@2=\box37
\c@video=\count93
\fbox@4=\box38
\@bibdataout=\write3
\widetext@top=\box39
\widetext@bot=\box40
Class revtex4-1 Info: Selecting society aps on input line 7542.
(/usr/local/texlive/2014/texmf-dist/tex/latex/revtex/aps4-1.rtx
File: aps4-1 2010/07/25/20:33:00 4.1r (http://publish.aps.org/revtex4/ for docu
mentation)
Class revtex4-1 Info: RevTeX society APS selected on input line 31.
)
Class revtex4-1 Info: Selecting journal pra on input line 7544.
Class revtex4-1 Info: APS journal PRA selected on input line 7545.

(/usr/local/texlive/2014/texmf-dist/tex/latex/revtex/aps10pt4-1.rtx
File: aps10pt4-1 2010/07/25/20:33:00 4.1r (http://publish.aps.org/revtex4/ for 
documentation)
Class revtex4-1 Info: RevTeX pointsize 10pt selected on input line 30.
)
(/usr/local/texlive/2014/texmf-dist/tex/latex/textcase/textcase.sty
Package: textcase 2004/10/07 v0.07 Text only upper/lower case changing (DPC)
)
(/usr/local/texlive/2014/texmf-dist/tex/latex/url/url.sty
\Urlmuskip=\muskip10
Package: url 2013/09/16  ver 3.4  Verb mode for urls, etc.
)
(/usr/local/texlive/2014/texmf-dist/tex/latex/natbib/natbib.sty
Package: natbib 2010/09/13 8.31b (PWD, AO)
\bibhang=\skip45
\bibsep=\skip46
LaTeX Info: Redefining \cite on input line 694.
\c@NAT@ctr=\count94
)
Class revtex4-1 Info: Repairing natbib's \BibitemShut on input line 7549.

(/usr/local/texlive/2014/texmf-dist/tex/latex/revtex/revsymb4-1.sty
Package: revsymb4-1 2010/07/25/20:33:00 4.1r (http://publish.aps.org/revtex4/ f
or documentation)
LaTeX Info: Redefining \REV@mathfrak on input line 119.
))
(/usr/local/texlive/2014/texmf-dist/tex/latex/base/latexsym.sty
Package: latexsym 1998/08/17 v2.2e Standard LaTeX package (lasy symbols)
\symlasy=\mathgroup4
LaTeX Font Info:    Overwriting symbol font `lasy' in version `bold'
(Font)                  U/lasy/m/n --> U/lasy/b/n on input line 47.
)
(/usr/local/texlive/2014/texmf-dist/tex/latex/graphics/graphicx.sty
Package: graphicx 2014/04/25 v1.0g Enhanced LaTeX Graphics (DPC,SPQR)

(/usr/local/texlive/2014/texmf-dist/tex/latex/graphics/keyval.sty
Package: keyval 2014/05/08 v1.15 key=value parser (DPC)
\KV@toks@=\toks16
)
(/usr/local/texlive/2014/texmf-dist/tex/latex/graphics/graphics.sty
Package: graphics 2009/02/05 v1.0o Standard LaTeX Graphics (DPC,SPQR)

(/usr/local/texlive/2014/texmf-dist/tex/latex/graphics/trig.sty
Package: trig 1999/03/16 v1.09 sin cos tan (DPC)
)
(/usr/local/texlive/2014/texmf-dist/tex/latex/latexconfig/graphics.cfg
File: graphics.cfg 2010/04/23 v1.9 graphics configuration of TeX Live
)
Package graphics Info: Driver file: pdftex.def on input line 91.

(/usr/local/texlive/2014/texmf-dist/tex/latex/pdftex-def/pdftex.def
File: pdftex.def 2011/05/27 v0.06d Graphics/color for pdfTeX

(/usr/local/texlive/2014/texmf-dist/tex/generic/oberdiek/infwarerr.sty
Package: infwarerr 2010/04/08 v1.3 Providing info/warning/error messages (HO)
)
(/usr/local/texlive/2014/texmf-dist/tex/generic/oberdiek/ltxcmds.sty
Package: ltxcmds 2011/11/09 v1.22 LaTeX kernel commands for general use (HO)
)
\Gread@gobject=\count95
))
\Gin@req@height=\dimen102
\Gin@req@width=\dimen103
)
(/usr/local/texlive/2014/texmf-dist/tex/latex/amsfonts/amssymb.sty
Package: amssymb 2013/01/14 v3.01 AMS font symbols

(/usr/local/texlive/2014/texmf-dist/tex/latex/amsfonts/amsfonts.sty
Package: amsfonts 2013/01/14 v3.01 Basic AMSFonts support
\@emptytoks=\toks17
\symAMSa=\mathgroup5
\symAMSb=\mathgroup6
LaTeX Font Info:    Overwriting math alphabet `\mathfrak' in version `bold'
(Font)                  U/euf/m/n --> U/euf/b/n on input line 106.
LaTeX Info: Redefining \frak on input line 111.
LaTeX Info: Redefining \Bbb on input line 113.
))
(/usr/local/texlive/2014/texmf-dist/tex/latex/tools/longtable.sty
Package: longtable 2004/02/01 v4.11 Multi-page Table package (DPC)
\LTleft=\skip47
\LTright=\skip48
\LTpre=\skip49
\LTpost=\skip50
\LTchunksize=\count96
\LTcapwidth=\dimen104
\LT@head=\box41
\LT@firsthead=\box42
\LT@foot=\box43
\LT@lastfoot=\box44
\LT@cols=\count97
\LT@rows=\count98
\c@LT@tables=\count99
\c@LT@chunks=\count100
\LT@p@ftn=\toks18
)
(/usr/local/texlive/2014/texmf-dist/tex/generic/epsf/epsf.sty
This is `epsf.tex' v2.7.4 <14 February 2011>
\epsffilein=\read1
\epsfframemargin=\dimen105
\epsfframethickness=\dimen106
\epsfrsize=\dimen107
\epsftmp=\dimen108
\epsftsize=\dimen109
\epsfxsize=\dimen110
\epsfysize=\dimen111
\pspoints=\dimen112
)
\c@front@matter@foot@note=\count101
\alt@affil@toks=\toks19
\alt@affil@toks@count=\toks20
\keys@width=\skip51
\c@lastfootnote=\count102
\c@remember@figure@num=\count103
\c@remember@table@num=\count104
\bibindent=\dimen113
\plot@width=\skip52
\c@table@save=\count105
\table@note@skip=\skip53
\deluxe@table@width=\skip54
\@d@t@a=\skip55
\c@deluxe@table@num=\count106
\abovedeluxetableskip=\skip56
\belowdeluxetableskip=\skip57
\lastrowheight=\dimen114
\DT@p@ftn=\toks21
\pt@column=\count107
\pt@ncol=\count108
) (/usr/local/texlive/2014/texmf-dist/tex/latex/subfigure/subfigure.sty
Package: subfigure 2002/03/15 v2.1.5 subfigure package
\subfigtopskip=\skip58
\subfigcapskip=\skip59
\subfigcaptopadj=\dimen115
\subfigbottomskip=\skip60
\subfigcapmargin=\dimen116
\subfiglabelskip=\skip61
\c@subfigure=\count109
\c@lofdepth=\count110
\c@subtable=\count111
\c@lotdepth=\count112

****************************************
* Local config file subfigure.cfg used *
****************************************
(/usr/local/texlive/2014/texmf-dist/tex/latex/subfigure/subfigure.cfg)
\subfig@top=\skip62
\subfig@bottom=\skip63
)
(/usr/local/texlive/2014/texmf-dist/tex/latex/amsmath/amsmath.sty
Package: amsmath 2013/01/14 v2.14 AMS math features
\@mathmargin=\skip64

For additional information on amsmath, use the `?' option.
(/usr/local/texlive/2014/texmf-dist/tex/latex/amsmath/amstext.sty
Package: amstext 2000/06/29 v2.01

(/usr/local/texlive/2014/texmf-dist/tex/latex/amsmath/amsgen.sty
File: amsgen.sty 1999/11/30 v2.0
\@emptytoks=\toks22
\ex@=\dimen117
)
LaTeX Info: Redefining \text on input line 39.
)
(/usr/local/texlive/2014/texmf-dist/tex/latex/amsmath/amsbsy.sty
Package: amsbsy 1999/11/29 v1.2d
\pmbraise@=\dimen118
)
(/usr/local/texlive/2014/texmf-dist/tex/latex/amsmath/amsopn.sty
Package: amsopn 1999/12/14 v2.01 operator names
)
\inf@bad=\count113
LaTeX Info: Redefining \frac on input line 210.
\uproot@=\count114
\leftroot@=\count115
LaTeX Info: Redefining \overline on input line 306.
\classnum@=\count116
\DOTSCASE@=\count117
LaTeX Info: Redefining \ldots on input line 378.
LaTeX Info: Redefining \dots on input line 381.
LaTeX Info: Redefining \cdots on input line 466.
\Mathstrutbox@=\box45
\strutbox@=\box46
\big@size=\dimen119
LaTeX Font Info:    Redeclaring font encoding OML on input line 566.
LaTeX Font Info:    Redeclaring font encoding OMS on input line 567.
\macc@depth=\count118
\c@MaxMatrixCols=\count119
\dotsspace@=\muskip11
\c@parentequation=\count120
\dspbrk@lvl=\count121
\tag@help=\toks23
\row@=\count122
\column@=\count123
\maxfields@=\count124
\andhelp@=\toks24
\eqnshift@=\dimen120
\alignsep@=\dimen121
\tagshift@=\dimen122
\tagwidth@=\dimen123
\totwidth@=\dimen124
\lineht@=\dimen125
\@envbody=\toks25
\multlinegap=\skip65
\multlinetaggap=\skip66
\mathdisplay@stack=\toks26
LaTeX Info: Redefining \[ on input line 2665.
LaTeX Info: Redefining \] on input line 2666.
)
(/usr/local/texlive/2014/texmf-dist/tex/latex/listings/listings.sty
\lst@mode=\count125
\lst@gtempboxa=\box47
\lst@token=\toks27
\lst@length=\count126
\lst@currlwidth=\dimen126
\lst@column=\count127
\lst@pos=\count128
\lst@lostspace=\dimen127
\lst@width=\dimen128
\lst@newlines=\count129
\lst@lineno=\count130
\lst@maxwidth=\dimen129

(/usr/local/texlive/2014/texmf-dist/tex/latex/listings/lstmisc.sty
File: lstmisc.sty 2014/03/04 1.5c (Carsten Heinz)
\c@lstnumber=\count131
\lst@skipnumbers=\count132
\lst@framebox=\box48
)
(/usr/local/texlive/2014/texmf-dist/tex/latex/listings/listings.cfg
File: listings.cfg 2014/03/04 1.5c listings configuration
))
Package: listings 2014/03/04 1.5c (Carsten Heinz)

(/usr/local/texlive/2014/texmf-dist/tex/latex/footmisc/footmisc.sty
Package: footmisc 2011/06/06 v5.5b a miscellany of footnote facilities
\FN@temptoken=\toks28
\footnotemargin=\dimen130


LaTeX Warning: Command \@makecol  has changed.
               Check if current package is valid.

\c@pp@next@reset=\count133
Package footmisc Info: Declaring symbol style bringhurst on input line 855.
Package footmisc Info: Declaring symbol style chicago on input line 863.
Package footmisc Info: Declaring symbol style wiley on input line 872.
Package footmisc Info: Declaring symbol style lamport-robust on input line 883.

Package footmisc Info: Declaring symbol style lamport* on input line 903.
Package footmisc Info: Declaring symbol style lamport*-robust on input line 924
.
) (/usr/local/texlive/2014/texmf-dist/tex/latex/hyperref/hyperref.sty
Package: hyperref 2012/11/06 v6.83m Hypertext links for LaTeX

(/usr/local/texlive/2014/texmf-dist/tex/generic/oberdiek/hobsub-hyperref.sty
Package: hobsub-hyperref 2012/05/28 v1.13 Bundle oberdiek, subset hyperref (HO)


(/usr/local/texlive/2014/texmf-dist/tex/generic/oberdiek/hobsub-generic.sty
Package: hobsub-generic 2012/05/28 v1.13 Bundle oberdiek, subset generic (HO)
Package: hobsub 2012/05/28 v1.13 Construct package bundles (HO)
Package hobsub Info: Skipping package `infwarerr' (already loaded).
Package hobsub Info: Skipping package `ltxcmds' (already loaded).
Package: ifluatex 2010/03/01 v1.3 Provides the ifluatex switch (HO)
Package ifluatex Info: LuaTeX not detected.
Package: ifvtex 2010/03/01 v1.5 Detect VTeX and its facilities (HO)
Package ifvtex Info: VTeX not detected.
Package: intcalc 2007/09/27 v1.1 Expandable calculations with integers (HO)
Package: ifpdf 2011/01/30 v2.3 Provides the ifpdf switch (HO)
Package ifpdf Info: pdfTeX in PDF mode is detected.
Package: etexcmds 2011/02/16 v1.5 Avoid name clashes with e-TeX commands (HO)
Package etexcmds Info: Could not find \expanded.
(etexcmds)             That can mean that you are not using pdfTeX 1.50 or
(etexcmds)             that some package has redefined \expanded.
(etexcmds)             In the latter case, load this package earlier.
Package: kvsetkeys 2012/04/25 v1.16 Key value parser (HO)
Package: kvdefinekeys 2011/04/07 v1.3 Define keys (HO)
Package: pdftexcmds 2011/11/29 v0.20 Utility functions of pdfTeX for LuaTeX (HO
)
Package pdftexcmds Info: LuaTeX not detected.
Package pdftexcmds Info: \pdf@primitive is available.
Package pdftexcmds Info: \pdf@ifprimitive is available.
Package pdftexcmds Info: \pdfdraftmode found.
Package: pdfescape 2011/11/25 v1.13 Implements pdfTeX's escape features (HO)
Package: bigintcalc 2012/04/08 v1.3 Expandable calculations on big integers (HO
)
Package: bitset 2011/01/30 v1.1 Handle bit-vector datatype (HO)
Package: uniquecounter 2011/01/30 v1.2 Provide unlimited unique counter (HO)
)
Package hobsub Info: Skipping package `hobsub' (already loaded).
Package: letltxmacro 2010/09/02 v1.4 Let assignment for LaTeX macros (HO)
Package: hopatch 2012/05/28 v1.2 Wrapper for package hooks (HO)
Package: xcolor-patch 2011/01/30 xcolor patch
Package: atveryend 2011/06/30 v1.8 Hooks at the very end of document (HO)
Package: atbegshi 2011/10/05 v1.16 At begin shipout hook (HO)
Package: refcount 2011/10/16 v3.4 Data extraction from label references (HO)
Package: hycolor 2011/01/30 v1.7 Color options for hyperref/bookmark (HO)
)
(/usr/local/texlive/2014/texmf-dist/tex/generic/ifxetex/ifxetex.sty
Package: ifxetex 2010/09/12 v0.6 Provides ifxetex conditional
)
(/usr/local/texlive/2014/texmf-dist/tex/latex/oberdiek/auxhook.sty
Package: auxhook 2011/03/04 v1.3 Hooks for auxiliary files (HO)
)
(/usr/local/texlive/2014/texmf-dist/tex/latex/oberdiek/kvoptions.sty
Package: kvoptions 2011/06/30 v3.11 Key value format for package options (HO)
)
\@linkdim=\dimen131
\Hy@linkcounter=\count134
\Hy@pagecounter=\count135

(/usr/local/texlive/2014/texmf-dist/tex/latex/hyperref/pd1enc.def
File: pd1enc.def 2012/11/06 v6.83m Hyperref: PDFDocEncoding definition (HO)
)
\Hy@SavedSpaceFactor=\count136

(/usr/local/texlive/2014/texmf-dist/tex/latex/latexconfig/hyperref.cfg
File: hyperref.cfg 2002/06/06 v1.2 hyperref configuration of TeXLive
)
Package hyperref Info: Hyper figures OFF on input line 4443.
Package hyperref Info: Link nesting OFF on input line 4448.
Package hyperref Info: Hyper index ON on input line 4451.
Package hyperref Info: Plain pages OFF on input line 4458.
Package hyperref Info: Backreferencing OFF on input line 4463.
Package hyperref Info: Implicit mode ON; LaTeX internals redefined.
Package hyperref Info: Bookmarks ON on input line 4688.
LaTeX Info: Redefining \href on input line 4952.
\c@Hy@tempcnt=\count137
LaTeX Info: Redefining \url on input line 5041.
\XeTeXLinkMargin=\dimen132
\Fld@menulength=\count138
\Field@Width=\dimen133
\Fld@charsize=\dimen134
Package hyperref Info: Hyper figures OFF on input line 6295.
Package hyperref Info: Link nesting OFF on input line 6300.
Package hyperref Info: Hyper index ON on input line 6303.
Package hyperref Info: backreferencing OFF on input line 6310.
Package hyperref Info: Link coloring OFF on input line 6315.
Package hyperref Info: Link coloring with OCG OFF on input line 6320.
Package hyperref Info: PDF/A mode OFF on input line 6325.
LaTeX Info: Redefining \ref on input line 6365.
LaTeX Info: Redefining \pageref on input line 6369.
\Hy@abspage=\count139
\c@Item=\count140
\c@Hfootnote=\count141
)

Package hyperref Message: Driver (autodetected): hpdftex.

(/usr/local/texlive/2014/texmf-dist/tex/latex/hyperref/hpdftex.def
File: hpdftex.def 2012/11/06 v6.83m Hyperref driver for pdfTeX
\Fld@listcount=\count142
\c@bookmark@seq@number=\count143

(/usr/local/texlive/2014/texmf-dist/tex/latex/oberdiek/rerunfilecheck.sty
Package: rerunfilecheck 2011/04/15 v1.7 Rerun checks for auxiliary files (HO)
Package uniquecounter Info: New unique counter `rerunfilecheck' on input line 2
82.
)
\Hy@SectionHShift=\skip67
)
(/usr/local/texlive/2014/texmf-dist/tex/latex/appendix/appendix.sty
Package: appendix 2009/09/02 v1.2b extra appendix facilities
\c@@pps=\count144
\c@@ppsavesec=\count145
\c@@ppsaveapp=\count146
)
(/usr/local/texlive/2014/texmf-dist/tex/generic/dvips/rotate.sty
\@rotdimen=\dimen135
\@rotbox=\box49
)
(/usr/local/texlive/2014/texmf-dist/tex/latex/adjustbox/adjustbox.sty
Package: adjustbox 2012/05/21 v1.0 Adjusting TeX boxes (trim, clip, ...)

(/usr/local/texlive/2014/texmf-dist/tex/latex/xkeyval/xkeyval.sty
Package: xkeyval 2014/05/09 v2.6d package option processing (HA)

(/usr/local/texlive/2014/texmf-dist/tex/generic/xkeyval/xkeyval.tex
\XKV@toks=\toks29
\XKV@tempa@toks=\toks30
\XKV@depth=\count147
File: xkeyval.tex 2014/05/09 v2.6d key=value parser (HA)
))
(/usr/local/texlive/2014/texmf-dist/tex/latex/adjustbox/adjcalc.sty
Package: adjcalc 2012/05/16 v1.1 Provides advanced setlength with multiple back
-ends (calc, etex, pgfmath)
)
(/usr/local/texlive/2014/texmf-dist/tex/latex/adjustbox/trimclip.sty
Package: trimclip 2012/05/16 v1.0 Trim and clip general TeX material

(/usr/local/texlive/2014/texmf-dist/tex/latex/collectbox/collectbox.sty
Package: collectbox 2012/05/17 v0.4b Collect macro arguments as boxes
\collectedbox=\box50
)
\tc@llx=\dimen136
\tc@lly=\dimen137
\tc@urx=\dimen138
\tc@ury=\dimen139
Package trimclip Info: Using driver 'tc-pdftex.def'.

(/usr/local/texlive/2014/texmf-dist/tex/latex/adjustbox/tc-pdftex.def
File: tc-pdftex.def 2012/05/13 v1.0 Clipping driver for pdftex
))
\adjbox@Width=\dimen140
\adjbox@Height=\dimen141
\adjbox@Depth=\dimen142
\adjbox@Totalheight=\dimen143

(/usr/local/texlive/2014/texmf-dist/tex/latex/ifoddpage/ifoddpage.sty
Package: ifoddpage 2011/09/13 v1.0 Conditionals for odd/even page detection
\c@checkoddpage=\count148
)
(/usr/local/texlive/2014/texmf-dist/tex/latex/varwidth/varwidth.sty
Package: varwidth 2009/03/30 ver 0.92;  Variable-width minipages
\@vwid@box=\box51
\sift@deathcycles=\count149
\@vwid@loff=\dimen144
\@vwid@roff=\dimen145
))
(/usr/local/texlive/2014/texmf-dist/tex/generic/ulem/ulem.sty
\UL@box=\box52
\UL@hyphenbox=\box53
\UL@skip=\skip68
\UL@hook=\toks31
\UL@height=\dimen146
\UL@pe=\count150
\UL@pixel=\dimen147
\ULC@box=\box54
Package: ulem 2012/05/18
\ULdepth=\dimen148
)
Class revtex4-1 Info: Patching LaTeX tabular. on input line 25.
Class revtex4-1 Info: Patching unrecognized longtable package. (Proceeding with
 fingers crossed) on input line 25.
Class revtex4-1 Info: Robustifying \LaTeX's \boldmath command on input line 25.

Class revtex4-1 Info: cite was not loaded (OK!) on input line 25.
Class revtex4-1 Info: mcite was not loaded (OK!) on input line 25.
Class revtex4-1 Info: multicol was not loaded (OK!) on input line 25.

(./Highz_clustering_edited.aux)
\openout1 = `Highz_clustering_edited.aux'.

LaTeX Font Info:    Checking defaults for OML/cmm/m/it on input line 25.
LaTeX Font Info:    ... okay on input line 25.
LaTeX Font Info:    Checking defaults for T1/cmr/m/n on input line 25.
LaTeX Font Info:    ... okay on input line 25.
LaTeX Font Info:    Checking defaults for OT1/cmr/m/n on input line 25.
LaTeX Font Info:    ... okay on input line 25.
LaTeX Font Info:    Checking defaults for OMS/cmsy/m/n on input line 25.
LaTeX Font Info:    ... okay on input line 25.
LaTeX Font Info:    Checking defaults for OMX/cmex/m/n on input line 25.
LaTeX Font Info:    ... okay on input line 25.
LaTeX Font Info:    Checking defaults for U/cmr/m/n on input line 25.
LaTeX Font Info:    ... okay on input line 25.
LaTeX Font Info:    Checking defaults for PD1/pdf/m/n on input line 25.
LaTeX Font Info:    ... okay on input line 25.

(/usr/local/texlive/2014/texmf-dist/tex/context/base/supp-pdf.mkii
[Loading MPS to PDF converter (version 2006.09.02).]
\scratchcounter=\count151
\scratchdimen=\dimen149
\scratchbox=\box55
\nofMPsegments=\count152
\nofMParguments=\count153
\everyMPshowfont=\toks32
\MPscratchCnt=\count154
\MPscratchDim=\dimen150
\MPnumerator=\count155
\makeMPintoPDFobject=\count156
\everyMPtoPDFconversion=\toks33
) (/usr/local/texlive/2014/texmf-dist/tex/latex/oberdiek/epstopdf-base.sty
Package: epstopdf-base 2010/02/09 v2.5 Base part for package epstopdf

(/usr/local/texlive/2014/texmf-dist/tex/latex/oberdiek/grfext.sty
Package: grfext 2010/08/19 v1.1 Manage graphics extensions (HO)
)
Package grfext Info: Graphics extension search list:
(grfext)             [.png,.pdf,.jpg,.mps,.jpeg,.jbig2,.jb2,.PNG,.PDF,.JPG,.JPE
G,.JBIG2,.JB2,.eps]
(grfext)             \AppendGraphicsExtensions on input line 452.

(/usr/local/texlive/2014/texmf-dist/tex/latex/latexconfig/epstopdf-sys.cfg
File: epstopdf-sys.cfg 2010/07/13 v1.3 Configuration of (r)epstopdf for TeX Liv
e
))
\c@lstlisting=\count157
\AtBeginShipoutBox=\box56
Package hyperref Info: Link coloring OFF on input line 25.

(/usr/local/texlive/2014/texmf-dist/tex/latex/hyperref/nameref.sty
Package: nameref 2012/10/27 v2.43 Cross-referencing by name of section

(/usr/local/texlive/2014/texmf-dist/tex/generic/oberdiek/gettitlestring.sty
Package: gettitlestring 2010/12/03 v1.4 Cleanup title references (HO)
)
\c@section@level=\count158
)
LaTeX Info: Redefining \ref on input line 25.
LaTeX Info: Redefining \pageref on input line 25.
LaTeX Info: Redefining \nameref on input line 25.

(./Highz_clustering_edited.out) (./Highz_clustering_edited.out)
\@outlinefile=\write4
\openout4 = `Highz_clustering_edited.out'.

Class revtex4-1 Info: Taking \maketitle back from hyperref on input line 25.
\openout3 = `Highz_clustering_editedNotes.bib'.

LaTeX Font Info:    Try loading font information for U+lasy on input line 68.

(/usr/local/texlive/2014/texmf-dist/tex/latex/base/ulasy.fd
File: ulasy.fd 1998/08/17 v2.2e LaTeX symbol font definitions
)
LaTeX Font Info:    Try loading font information for U+msa on input line 68.

(/usr/local/texlive/2014/texmf-dist/tex/latex/amsfonts/umsa.fd
File: umsa.fd 2013/01/14 v3.01 AMS symbols A
)
LaTeX Font Info:    Try loading font information for U+msb on input line 68.

(/usr/local/texlive/2014/texmf-dist/tex/latex/amsfonts/umsb.fd
File: umsb.fd 2013/01/14 v3.01 AMS symbols B
)

Class revtex4-1 Warning: Assuming \noaffiliation for authors.


Underfull \hbox (badness 2318) in paragraph at lines 73--73
 | $[]$| \OT1/cmr/m/n/8 De-part-ment of Physics and As-tron-omy, Uni-ver-sity o
f
 []


Underfull \hbox (badness 4940) in paragraph at lines 73--73
 | $[]$| \OT1/cmr/m/n/8 Mil-len-nium In-sti-tute of As-tro-physics (MAS), Nun-c
io
 []


Underfull \hbox (badness 1019) in paragraph at lines 73--73
 | $[]$| \OT1/cmr/m/n/8 Na-tional Ra-dio As-tron-omy Ob-ser-va-tory, 520 Edge-m
ont
 []


Underfull \hbox (badness 1137) in paragraph at lines 91--93
\OT1/cmr/m/n/10 where $\OML/cmm/m/it/10 r$ \OT1/cmr/m/n/10 is the sep-a-ra-tion
 be-tween two lo-cal over-
 []

[1{/usr/local/texlive/2014/texmf-var/fonts/map/pdftex/updmap/pdftex.map}]
Overfull \hbox (71.2465pt too wide) in alignment at lines 99--106
 [] [] [] [] [] [] [] [] 
 []


Overfull \hbox (71.2465pt too wide) in alignment at lines 106--106
 [] [] [] [] [] [] [] [] 
 []


Overfull \hbox (71.2465pt too wide) in alignment at lines 106--106
 [] [] [] [] [] [] [] [] 
 []


Overfull \hbox (71.2465pt too wide) in alignment at lines 106--106
 [] [] [] [] [] [] [] [] 
 []


Overfull \hbox (71.2465pt too wide) in alignment at lines 106--107
 [] [] [] [] [] [] [] [] 
 []


Overfull \hbox (71.2465pt too wide) in alignment at lines 107--107
 [] [] [] [] [] [] [] [] 
 []


Overfull \hbox (71.2465pt too wide) in alignment at lines 107--107
 [] [] [] [] [] [] [] [] 
 []

(./Clustering_Measurements_table.tex
Overfull \hbox (71.2465pt too wide) in alignment at lines 107--21
 [] [] [] [] [] [] [] [] 
 []

)
Overfull \hbox (71.2465pt too wide) in alignment at lines 21--116
 [] [] [] [] [] [] [] [] 
 []


Underfull \hbox (badness 5711) in paragraph at lines 116--116
[] \OT1/cmr/m/sc/8 Note\OT1/cmr/m/n/8 . --- $[]$Measurement of the auto-correla
tion func-tion(A), the cross-correlation func-tion(C), us-ing pho-to-met-
 []


Underfull \hbox (badness 10000) in paragraph at lines 116--116

 []

[2] <./New_Plots/S82_surveys.pdf, id=359, 1337.71767pt x 328.8285pt>
File: ./New_Plots/S82_surveys.pdf Graphic file (type pdf)

<use ./New_Plots/S82_surveys.pdf>
Package pdftex.def Info: ./New_Plots/S82_surveys.pdf used on input line 153.
(pdftex.def)             Requested size: 513.11743pt x 39.5021pt.

Underfull \hbox (badness 1286) in paragraph at lines 163--164
\OT1/cmr/m/n/10 III/Baryon Os-cil-la-tion Spec-tro-scopic Sur-vey (BOSS;
 []

[3] [4 <./New_Plots/S82_surveys.pdf>]
<./New_Plots/opt_train_colors.pdf, id=511, 783.49953pt x 281.35007pt>
File: ./New_Plots/opt_train_colors.pdf Graphic file (type pdf)

<use ./New_Plots/opt_train_colors.pdf>
Package pdftex.def Info: ./New_Plots/opt_train_colors.pdf used on input line 18
1.
(pdftex.def)             Requested size: 548.44594pt x 196.9437pt.

<./New_Plots/ir_train_colors.pdf, id=512, 569.06688pt x 288.59589pt>
File: ./New_Plots/ir_train_colors.pdf Graphic file (type pdf)

<use ./New_Plots/ir_train_colors.pdf>
Package pdftex.def Info: ./New_Plots/ir_train_colors.pdf used on input line 182
.
(pdftex.def)             Requested size: 398.3441pt x 202.01575pt.

Overfull \hbox (35.3285pt too wide) in paragraph at lines 181--184
 [][] 
 []


Overfull \hbox (5.0pt too wide) in alignment at lines 188--194
 [] [] [] [] 
 []


Overfull \hbox (5.0pt too wide) in alignment at lines 194--194
 [] [] [] [] 
 []


Overfull \hbox (5.0pt too wide) in alignment at lines 194--194
 [] [] [] [] 
 []


Overfull \hbox (5.0pt too wide) in alignment at lines 194--194
 [] [] [] [] 
 []


Overfull \hbox (5.0pt too wide) in alignment at lines 194--195
 [] [] [] [] 
 []


Overfull \hbox (5.0pt too wide) in alignment at lines 195--195
 [] [] [] [] 
 []


Overfull \hbox (5.0pt too wide) in alignment at lines 195--195
 [] [] [] [] 
 []


Overfull \hbox (5.0pt too wide) in alignment at lines 195--206
 [] [] [] [] 
 []


Overfull \hbox (18.34677pt too wide) in paragraph at lines 217--217
[][][][][]\OT1/cmr/m/n/8 http://scikit-learn.org/stable/modules/neighbors.html#
classification[]| 
 []

[5]
Overfull \hbox (5.0pt too wide) in alignment at lines 230--237
 [] [] [] [] 
 []


Overfull \hbox (5.0pt too wide) in alignment at lines 237--237
 [] [] [] [] 
 []


Overfull \hbox (5.0pt too wide) in alignment at lines 237--237
 [] [] [] [] 
 []


Overfull \hbox (5.0pt too wide) in alignment at lines 237--237
 [] [] [] [] 
 []


Overfull \hbox (5.0pt too wide) in alignment at lines 237--238
 [] [] [] [] 
 []


Overfull \hbox (5.0pt too wide) in alignment at lines 238--238
 [] [] [] [] 
 []


Overfull \hbox (5.0pt too wide) in alignment at lines 238--238
 [] [] [] [] 
 []


Overfull \hbox (5.0pt too wide) in alignment at lines 238--246
 [] [] [] [] 
 []

[6 <./New_Plots/opt_train_colors.pdf> <./New_Plots/ir_train_colors.pdf

pdfTeX warning: /usr/texbin/pdflatex (file ./New_Plots/ir_train_colors.pdf): PD
F inclusion: multiple pdfs with page group included in a single page
>] <./New_Plots/specz_vs_photz_S82.pdf, id=644, 860.04436pt x 474.286pt>
File: ./New_Plots/specz_vs_photz_S82.pdf Graphic file (type pdf)

<use ./New_Plots/specz_vs_photz_S82.pdf>
Package pdftex.def Info: ./New_Plots/specz_vs_photz_S82.pdf used on input line 
266.
(pdftex.def)             Requested size: 240.81078pt x 132.79916pt.

<./New_Plots/col_specz_single.pdf, id=653, 524.80754pt x 507.66537pt>
File: ./New_Plots/col_specz_single.pdf Graphic file (type pdf)

<use ./New_Plots/col_specz_single.pdf>
Package pdftex.def Info: ./New_Plots/col_specz_single.pdf used on input line 27
8.
(pdftex.def)             Requested size: 236.16121pt x 228.4473pt.

<./New_Plots/opt_cand_colors.pdf, id=654, 783.49953pt x 281.35007pt>
File: ./New_Plots/opt_cand_colors.pdf Graphic file (type pdf)

<use ./New_Plots/opt_cand_colors.pdf>
Package pdftex.def Info: ./New_Plots/opt_cand_colors.pdf used on input line 289
.
(pdftex.def)             Requested size: 548.44594pt x 196.9437pt.

<./New_Plots/ir_cand_colors.pdf, id=655, 552.64304pt x 281.35007pt>
File: ./New_Plots/ir_cand_colors.pdf Graphic file (type pdf)

<use ./New_Plots/ir_cand_colors.pdf>
Package pdftex.def Info: ./New_Plots/ir_cand_colors.pdf used on input line 290.

(pdftex.def)             Requested size: 386.84747pt x 196.9437pt.

Overfull \hbox (35.3285pt too wide) in paragraph at lines 289--292
 [][] 
 []

[7 <./New_Plots/specz_vs_photz_S82.pdf> <./New_Plots/col_specz_single.pdf

pdfTeX warning: /usr/texbin/pdflatex (file ./New_Plots/col_specz_single.pdf): P
DF inclusion: multiple pdfs with page group included in a single page
>] [8 <./New_Plots/opt_cand_colors.pdf> <./New_Plots/ir_cand_colors.pdf

pdfTeX warning: /usr/texbin/pdflatex (file ./New_Plots/ir_cand_colors.pdf): PDF
 inclusion: multiple pdfs with page group included in a single page
>] <./New_Plots/Absolute_Mag_SpIES_Shen.pdf, id=908, 494.56956pt x 794.9292pt>
File: ./New_Plots/Absolute_Mag_SpIES_Shen.pdf Graphic file (type pdf)

<use ./New_Plots/Absolute_Mag_SpIES_Shen.pdf>
Package pdftex.def Info: ./New_Plots/Absolute_Mag_SpIES_Shen.pdf used on input 
line 314.
(pdftex.def)             Requested size: 247.28418pt x 397.46362pt.

Overfull \hbox (2.01765pt too wide) in paragraph at lines 314--316
 [][] 
 []

[9 <./New_Plots/Absolute_Mag_SpIES_Shen.pdf>]
Underfull \hbox (badness 1275) in paragraph at lines 391--393
\OT1/cmr/m/n/10 where the en-sem-ble av-er-age of the den-sity modes,
 []

<./New_Plots/spies_zoom.png, id=1009, 545.6385pt x 524.6802pt>
File: ./New_Plots/spies_zoom.png Graphic file (type png)

<use ./New_Plots/spies_zoom.png>
Package pdftex.def Info: ./New_Plots/spies_zoom.png used on input line 407.
(pdftex.def)             Requested size: 245.53505pt x 236.10391pt.


LaTeX Warning: `!h' float specifier changed to `!ht'.

[10]

LaTeX Warning: A float is stuck (cannot be placed) on input line 422.


LaTeX Warning: A float is stuck (cannot be placed) on input line 422.


Class revtex4-1 Warning: Deferred float stuck during \clearpage processing.

<./New_Plots/dndz.pdf, id=1046, 578.16pt x 578.16pt>
File: ./New_Plots/dndz.pdf Graphic file (type pdf)

<use ./New_Plots/dndz.pdf>
Package pdftex.def Info: ./New_Plots/dndz.pdf used on input line 429.
(pdftex.def)             Requested size: 260.16959pt x 260.16959pt.

Overfull \hbox (14.90306pt too wide) in paragraph at lines 429--431
 [][] 
 []


Overfull \hbox (9.11937pt too wide) detected at line 462
[]\OML/cmm/m/it/10 !\OT1/cmr/m/n/10 (\OML/cmm/m/it/10 ^^R\OT1/cmr/m/n/10 ) = []
 [] [] [][] \OML/cmm/m/it/10 E[][]J[]\OT1/cmr/m/n/10 (\OML/cmm/m/it/10 k^^R^^_\
OT1/cmr/m/n/10 (\OML/cmm/m/it/10 z\OT1/cmr/m/n/10 )) \OML/cmm/m/it/10 dk dz
 []

[11 <./New_Plots/spies_zoom.png> <./New_Plots/dndz.pdf>] (./Pair_Counts.tex)
<./New_Plots/SpIES_corrfunc_only.pdf, id=1157, 659.86528pt x 635.00677pt>
File: ./New_Plots/SpIES_corrfunc_only.pdf Graphic file (type pdf)

<use ./New_Plots/SpIES_corrfunc_only.pdf>
Package pdftex.def Info: ./New_Plots/SpIES_corrfunc_only.pdf used on input line
 507.
(pdftex.def)             Requested size: 230.95631pt x 222.25569pt.
 [12 <./New_Plots/SpIES_corrfunc_only.pdf>]
<./New_Plots/SpIES_corrfunc_faint.pdf, id=1266, 659.86528pt x 635.00677pt>
File: ./New_Plots/SpIES_corrfunc_faint.pdf Graphic file (type pdf)

<use ./New_Plots/SpIES_corrfunc_faint.pdf>
Package pdftex.def Info: ./New_Plots/SpIES_corrfunc_faint.pdf used on input lin
e 535.
(pdftex.def)             Requested size: 230.95631pt x 222.25569pt.

<./New_Plots/comparison_corrfunc.pdf, id=1269, 464.13399pt x 627.16498pt>
File: ./New_Plots/comparison_corrfunc.pdf Graphic file (type pdf)

<use ./New_Plots/comparison_corrfunc.pdf>
Package pdftex.def Info: ./New_Plots/comparison_corrfunc.pdf used on input line
 558.
(pdftex.def)             Requested size: 371.3077pt x 501.73265pt.

Overfull \hbox (46.6311pt too wide) in alignment at lines 564--571
 [] [] [] [] [] [] [] [] 
 []


Overfull \hbox (46.6311pt too wide) in alignment at lines 571--571
 [] [] [] [] [] [] [] [] 
 []


Overfull \hbox (46.6311pt too wide) in alignment at lines 571--571
 [] [] [] [] [] [] [] [] 
 []


Overfull \hbox (46.6311pt too wide) in alignment at lines 571--571
 [] [] [] [] [] [] [] [] 
 []


Overfull \hbox (46.6311pt too wide) in alignment at lines 571--572
 [] [] [] [] [] [] [] [] 
 []


Overfull \hbox (46.6311pt too wide) in alignment at lines 572--572
 [] [] [] [] [] [] [] [] 
 []


Overfull \hbox (46.6311pt too wide) in alignment at lines 572--572
 [] [] [] [] [] [] [] [] 
 []


Overfull \hbox (46.6311pt too wide) in alignment at lines 572--584
 [] [] [] [] [] [] [] [] 
 []

[13 <./New_Plots/SpIES_corrfunc_faint.pdf>] [14 <./New_Plots/comparison_corrfun
c.pdf>] [15]
<./New_Plots/Bais_v_Redshift_paper.pdf, id=1542, 722.7pt x 578.16pt>
File: ./New_Plots/Bais_v_Redshift_paper.pdf Graphic file (type pdf)

<use ./New_Plots/Bais_v_Redshift_paper.pdf>
Package pdftex.def Info: ./New_Plots/Bais_v_Redshift_paper.pdf used on input li
ne 631.
(pdftex.def)             Requested size: 252.94878pt x 202.35902pt.

Overfull \hbox (7.68225pt too wide) in paragraph at lines 631--634
 [][] 
 []

[16 <./New_Plots/Bais_v_Redshift_paper.pdf>]
LaTeX Font Info:    Try loading font information for OMS+cmr on input line 669.


(/usr/local/texlive/2014/texmf-dist/tex/latex/base/omscmr.fd
File: omscmr.fd 1999/05/25 v2.5h Standard LaTeX font definitions
)
LaTeX Font Info:    Font shape `OMS/cmr/m/n' in size <10> not available
(Font)              Font shape `OMS/cmsy/m/n' tried instead on input line 669.

Underfull \hbox (badness 1412) in paragraph at lines 675--676
 []\OT1/cmr/m/n/10 Utilizing the es-ti-ma-tor from []Landy & Sza-lay[]
 []

[17]
Underfull \hbox (badness 1616) in paragraph at lines 694--696
\OT1/cmr/m/n/10 olo-gies avail-able at []$\OT1/cmtt/m/n/10 https : / / github .
 com / JDTimlin /
 []


<./New_Plots/SpIES_corrfunc_extinctioncut.pdf, id=1726, 659.86528pt x 635.00677
pt>
File: ./New_Plots/SpIES_corrfunc_extinctioncut.pdf Graphic file (type pdf)
 <use ./New_Plots/SpIES_corrfunc_extinctioncut.pdf>
Package pdftex.def Info: ./New_Plots/SpIES_corrfunc_extinctioncut.pdf used on i
nput line 746.
(pdftex.def)             Requested size: 329.93184pt x 317.50261pt.
 [18]
<./New_Plots/contam_examples_good.png, id=1746, 1038.88126pt x 331.2375pt>
File: ./New_Plots/contam_examples_good.png Graphic file (type png)

<use ./New_Plots/contam_examples_good.png>
Package pdftex.def Info: ./New_Plots/contam_examples_good.png used on input lin
e 756.
(pdftex.def)             Requested size: 519.43936pt x 165.61833pt.

Overfull \hbox (6.32193pt too wide) in paragraph at lines 756--759
 [][] 
 []


LaTeX Warning: `!h' float specifier changed to `!ht'.

(./Highz_clustering_edited.bbl
Overfull \vbox (4.89473pt too high) has occurred while \output is active []


[19 <./New_Plots/SpIES_corrfunc_extinctioncut.pdf>] [20 <./New_Plots/contam_exa
mples_good.png>]) [21]
Package atveryend Info: Empty hook `AfterLastShipout' on input line 784.
 (./Highz_clustering_edited.aux)
Package atveryend Info: Executing hook `AtVeryEndDocument' on input line 784.
Package atveryend Info: Executing hook `AtEndAfterFileList' on input line 784.
Package rerunfilecheck Info: File `Highz_clustering_edited.out' has not changed
.
(rerunfilecheck)             Checksum: 44CFB4ADF1E3E8573A5AF043FEE95192;1484.
 ) 
Here is how much of TeX's memory you used:
 11475 strings out of 493117
 166398 string characters out of 6135433
 323972 words of memory out of 5000000
 14533 multiletter control sequences out of 15000+600000
 14706 words of font info for 60 fonts, out of 8000000 for 9000
 1141 hyphenation exceptions out of 8191
 34i,12n,36p,1969b,689s stack positions out of 5000i,500n,10000p,200000b,80000s
</usr/local/texlive/2014/texmf-dist/fonts/type1/public/amsfonts/cm/cmbx10.pfb
></usr/local/texlive/2014/texmf-dist/fonts/type1/public/amsfonts/cm/cmbx7.pfb><
/usr/local/texlive/2014/texmf-dist/fonts/type1/public/amsfonts/cm/cmbx8.pfb></u
sr/local/texlive/2014/texmf-dist/fonts/type1/public/amsfonts/cm/cmcsc10.pfb></u
sr/local/texlive/2014/texmf-dist/fonts/type1/public/amsfonts/cm/cmex10.pfb></us
r/local/texlive/2014/texmf-dist/fonts/type1/public/amsfonts/cm/cmmi10.pfb></usr
/local/texlive/2014/texmf-dist/fonts/type1/public/amsfonts/cm/cmmi6.pfb></usr/l
ocal/texlive/2014/texmf-dist/fonts/type1/public/amsfonts/cm/cmmi7.pfb></usr/loc
al/texlive/2014/texmf-dist/fonts/type1/public/amsfonts/cm/cmmi8.pfb></usr/local
/texlive/2014/texmf-dist/fonts/type1/public/amsfonts/cm/cmr10.pfb></usr/local/t
exlive/2014/texmf-dist/fonts/type1/public/amsfonts/cm/cmr5.pfb></usr/local/texl
ive/2014/texmf-dist/fonts/type1/public/amsfonts/cm/cmr6.pfb></usr/local/texlive
/2014/texmf-dist/fonts/type1/public/amsfonts/cm/cmr7.pfb></usr/local/texlive/20
14/texmf-dist/fonts/type1/public/amsfonts/cm/cmr8.pfb></usr/local/texlive/2014/
texmf-dist/fonts/type1/public/amsfonts/cm/cmr9.pfb></usr/local/texlive/2014/tex
mf-dist/fonts/type1/public/amsfonts/cm/cmss8.pfb></usr/local/texlive/2014/texmf
-dist/fonts/type1/public/amsfonts/cm/cmsy10.pfb></usr/local/texlive/2014/texmf-
dist/fonts/type1/public/amsfonts/cm/cmsy6.pfb></usr/local/texlive/2014/texmf-di
st/fonts/type1/public/amsfonts/cm/cmsy7.pfb></usr/local/texlive/2014/texmf-dist
/fonts/type1/public/amsfonts/cm/cmsy8.pfb></usr/local/texlive/2014/texmf-dist/f
onts/type1/public/amsfonts/cm/cmti10.pfb></usr/local/texlive/2014/texmf-dist/fo
nts/type1/public/amsfonts/cm/cmti8.pfb></usr/local/texlive/2014/texmf-dist/font
s/type1/public/amsfonts/cm/cmtt10.pfb></usr/local/texlive/2014/texmf-dist/fonts
/type1/public/amsfonts/cm/cmtt8.pfb></usr/local/texlive/2014/texmf-dist/fonts/t
ype1/public/amsfonts/symbols/msam10.pfb>
Output written on Highz_clustering_edited.pdf (21 pages, 3292347 bytes).
PDF statistics:
 2081 PDF objects out of 2487 (max. 8388607)
 209 named destinations out of 1000 (max. 500000)
 271 words of extra memory for PDF output out of 10000 (max. 10000000)

